<?xml version="1.0" encoding="UTF-8"?>
<!-- Generated by org.testng.reporters.JUnitReportReporter -->
<testsuite skipped="0" hostname="Vijay" name="runner.TestRunner" tests="1" failures="0" timestamp="2022-12-19T21:56:49 IST" time="18.720" errors="0">
  <testcase name="runScenario" time="18.720" classname="runner.TestRunner"/>
  <system-out/>
</testsuite> <!-- runner.TestRunner -->
