<?xml version="1.0" encoding="UTF-8"?>
<!-- Generated by org.testng.reporters.JUnitReportReporter -->
<testsuite skipped="0" hostname="Vijay" name="testCases.RegressionSuite" tests="1" failures="0" timestamp="2022-12-14T20:33:56 IST" time="8.015" errors="0">
  <testcase name="verifySuccessfulLogin" time="8.015" classname="testCases.RegressionSuite"/>
  <system-out/>
</testsuite> <!-- testCases.RegressionSuite -->
